2026-07-07 09:00:01 INFO Application started
2026-07-07 09:00:03 INFO Loading configuration
2026-07-07 09:00:04 INFO Configuration loaded successfully
2026-07-07 09:00:07 INFO Connecting to PostgreSQL database
2026-07-07 09:00:09 WARNING Database connection took longer than expected
2026-07-07 09:00:10 INFO Database connected
2026-07-07 09:00:15 INFO Starting HTTP server on port 8080
2026-07-07 09:01:02 INFO Received request GET /health
2026-07-07 09:01:02 INFO Health check passed
2026-07-07 09:02:18 INFO Received request POST /login
2026-07-07 09:02:19 WARNING Invalid login attempt for user admin
2026-07-07 09:02:20 INFO User authentication successful
2026-07-07 09:03:10 INFO Received request GET /api/orders
2026-07-07 09:03:12 ERROR Failed to fetch orders from database
2026-07-07 09:03:13 INFO Retrying database query
2026-07-07 09:03:15 INFO Query executed successfully
2026-07-07 09:04:02 INFO Starting scheduled backup
2026-07-07 09:04:30 WARNING Backup size exceeds expected threshold
2026-07-07 09:04:55 INFO Backup completed
2026-07-07 09:05:01 INFO Cleaning temporary files
2026-07-07 09:05:05 INFO Temporary files removed
2026-07-07 09:05:15 ERROR Unable to send notification email
2026-07-07 09:05:18 INFO Notification service retry initiated
2026-07-07 09:05:20 INFO Notification sent successfully
2026-07-07 09:06:01 INFO Received request GET /metrics
2026-07-07 09:06:02 INFO Metrics exported
2026-07-07 09:06:30 WARNING CPU usage above 85%
2026-07-07 09:06:45 WARNING Memory usage above 80%
2026-07-07 09:07:01 INFO Autoscaler triggered
2026-07-07 09:07:15 INFO New replica created
2026-07-07 09:08:00 INFO Application running normally